<?xml version="1.0" encoding="UTF-8" ?>
<testsuite tests="1" failures="1" name="TestSuite" time="3.864" errors="0" skipped="0">
  <properties>
    <property name="java.runtime.name" value="Java(TM) SE Runtime Environment"/>
    <property name="sun.boot.library.path" value="/Library/Java/JavaVirtualMachines/jdk1.8.0_60.jdk/Contents/Home/jre/lib"/>
    <property name="java.vm.version" value="25.60-b23"/>
    <property name="gopherProxySet" value="false"/>
    <property name="java.vm.vendor" value="Oracle Corporation"/>
    <property name="java.vendor.url" value="http://java.oracle.com/"/>
    <property name="path.separator" value=":"/>
    <property name="java.vm.name" value="Java HotSpot(TM) 64-Bit Server VM"/>
    <property name="file.encoding.pkg" value="sun.io"/>
    <property name="user.country" value="US"/>
    <property name="sun.java.launcher" value="SUN_STANDARD"/>
    <property name="sun.os.patch.level" value="unknown"/>
    <property name="java.vm.specification.name" value="Java Virtual Machine Specification"/>
    <property name="user.dir" value="/Users/nayyaan/Documents/workspace/sampletest"/>
    <property name="java.runtime.version" value="1.8.0_60-b27"/>
    <property name="java.awt.graphicsenv" value="sun.awt.CGraphicsEnvironment"/>
    <property name="basedir" value="/Users/nayyaan/Documents/workspace/sampletest"/>
    <property name="java.endorsed.dirs" value="/Library/Java/JavaVirtualMachines/jdk1.8.0_60.jdk/Contents/Home/jre/lib/endorsed"/>
    <property name="os.arch" value="x86_64"/>
    <property name="surefire.real.class.path" value="/var/folders/1f/y3b_k9nj5h36xlxnmr7bx5fh5vrdd_/T/surefirebooter3346936078035319240.jar"/>
    <property name="java.io.tmpdir" value="/var/folders/1f/y3b_k9nj5h36xlxnmr7bx5fh5vrdd_/T/"/>
    <property name="line.separator" value="
"/>
    <property name="java.vm.specification.vendor" value="Oracle Corporation"/>
    <property name="os.name" value="Mac OS X"/>
    <property name="suiteXmlFile" value="src/test/resources/yahoo.xml"/>
    <property name="sun.jnu.encoding" value="UTF-8"/>
    <property name="java.library.path" value="/Users/nayyaan/Library/Java/Extensions:/Library/Java/Extensions:/Network/Library/Java/Extensions:/System/Library/Java/Extensions:/usr/lib/java:."/>
    <property name="surefire.test.class.path" value="/Users/nayyaan/Documents/workspace/sampletest/target/test-classes:/Users/nayyaan/Documents/workspace/sampletest/target/classes:/Users/nayyaan/.m2/repository/org/testng/testng/6.3.1/testng-6.3.1.jar:/Users/nayyaan/.m2/repository/org/beanshell/bsh/2.0b4/bsh-2.0b4.jar:/Users/nayyaan/.m2/repository/com/beust/jcommander/1.12/jcommander-1.12.jar:/Users/nayyaan/.m2/repository/org/yaml/snakeyaml/1.6/snakeyaml-1.6.jar:/Users/nayyaan/.m2/repository/junit/junit/3.8.1/junit-3.8.1.jar:/Users/nayyaan/.m2/repository/org/seleniumhq/selenium/selenium-server/2.45.0/selenium-server-2.45.0.jar:/Users/nayyaan/.m2/repository/org/bouncycastle/bcprov-jdk15on/1.48/bcprov-jdk15on-1.48.jar:/Users/nayyaan/.m2/repository/org/bouncycastle/bcpkix-jdk15on/1.48/bcpkix-jdk15on-1.48.jar:/Users/nayyaan/.m2/repository/mx4j/mx4j-tools/3.0.1/mx4j-tools-3.0.1.jar:/Users/nayyaan/.m2/repository/org/mortbay/jetty/servlet-api-2.5/6.1.9/servlet-api-2.5-6.1.9.jar:/Users/nayyaan/.m2/repository/org/seleniumhq/selenium/jetty-repacked/7.6.1/jetty-repacked-7.6.1.jar:/Users/nayyaan/.m2/repository/org/seleniumhq/selenium/jetty-rc-repacked/5/jetty-rc-repacked-5.jar:/Users/nayyaan/.m2/repository/net/jcip/jcip-annotations/1.0/jcip-annotations-1.0.jar:/Users/nayyaan/.m2/repository/commons-codec/commons-codec/1.9/commons-codec-1.9.jar:/Users/nayyaan/.m2/repository/org/seleniumhq/selenium/selenium-java/2.45.0/selenium-java-2.45.0.jar:/Users/nayyaan/.m2/repository/org/seleniumhq/selenium/selenium-chrome-driver/2.45.0/selenium-chrome-driver-2.45.0.jar:/Users/nayyaan/.m2/repository/org/seleniumhq/selenium/selenium-remote-driver/2.45.0/selenium-remote-driver-2.45.0.jar:/Users/nayyaan/.m2/repository/cglib/cglib-nodep/2.1_3/cglib-nodep-2.1_3.jar:/Users/nayyaan/.m2/repository/com/google/code/gson/gson/2.3.1/gson-2.3.1.jar:/Users/nayyaan/.m2/repository/org/seleniumhq/selenium/selenium-api/2.45.0/selenium-api-2.45.0.jar:/Users/nayyaan/.m2/repository/com/google/guava/guava/18.0/guava-18.0.jar:/Users/nayyaan/.m2/repository/org/seleniumhq/selenium/selenium-htmlunit-driver/2.45.0/selenium-htmlunit-driver-2.45.0.jar:/Users/nayyaan/.m2/repository/net/sourceforge/htmlunit/htmlunit/2.15/htmlunit-2.15.jar:/Users/nayyaan/.m2/repository/xalan/xalan/2.7.1/xalan-2.7.1.jar:/Users/nayyaan/.m2/repository/xalan/serializer/2.7.1/serializer-2.7.1.jar:/Users/nayyaan/.m2/repository/commons-collections/commons-collections/3.2.1/commons-collections-3.2.1.jar:/Users/nayyaan/.m2/repository/org/apache/commons/commons-lang3/3.3.2/commons-lang3-3.3.2.jar:/Users/nayyaan/.m2/repository/org/apache/httpcomponents/httpmime/4.3.3/httpmime-4.3.3.jar:/Users/nayyaan/.m2/repository/net/sourceforge/htmlunit/htmlunit-core-js/2.15/htmlunit-core-js-2.15.jar:/Users/nayyaan/.m2/repository/xerces/xercesImpl/2.11.0/xercesImpl-2.11.0.jar:/Users/nayyaan/.m2/repository/xml-apis/xml-apis/1.4.01/xml-apis-1.4.01.jar:/Users/nayyaan/.m2/repository/net/sourceforge/nekohtml/nekohtml/1.9.21/nekohtml-1.9.21.jar:/Users/nayyaan/.m2/repository/net/sourceforge/cssparser/cssparser/0.9.14/cssparser-0.9.14.jar:/Users/nayyaan/.m2/repository/org/w3c/css/sac/1.3/sac-1.3.jar:/Users/nayyaan/.m2/repository/commons-logging/commons-logging/1.1.3/commons-logging-1.1.3.jar:/Users/nayyaan/.m2/repository/org/eclipse/jetty/jetty-websocket/8.1.15.v20140411/jetty-websocket-8.1.15.v20140411.jar:/Users/nayyaan/.m2/repository/org/eclipse/jetty/jetty-util/8.1.15.v20140411/jetty-util-8.1.15.v20140411.jar:/Users/nayyaan/.m2/repository/org/eclipse/jetty/jetty-io/8.1.15.v20140411/jetty-io-8.1.15.v20140411.jar:/Users/nayyaan/.m2/repository/org/eclipse/jetty/jetty-http/8.1.15.v20140411/jetty-http-8.1.15.v20140411.jar:/Users/nayyaan/.m2/repository/org/apache/httpcomponents/httpclient/4.3.6/httpclient-4.3.6.jar:/Users/nayyaan/.m2/repository/org/apache/httpcomponents/httpcore/4.3.3/httpcore-4.3.3.jar:/Users/nayyaan/.m2/repository/org/seleniumhq/selenium/selenium-firefox-driver/2.45.0/selenium-firefox-driver-2.45.0.jar:/Users/nayyaan/.m2/repository/commons-io/commons-io/2.4/commons-io-2.4.jar:/Users/nayyaan/.m2/repository/org/apache/commons/commons-exec/1.1/commons-exec-1.1.jar:/Users/nayyaan/.m2/repository/org/seleniumhq/selenium/selenium-ie-driver/2.45.0/selenium-ie-driver-2.45.0.jar:/Users/nayyaan/.m2/repository/net/java/dev/jna/jna/3.4.0/jna-3.4.0.jar:/Users/nayyaan/.m2/repository/net/java/dev/jna/platform/3.4.0/platform-3.4.0.jar:/Users/nayyaan/.m2/repository/org/seleniumhq/selenium/selenium-safari-driver/2.45.0/selenium-safari-driver-2.45.0.jar:/Users/nayyaan/.m2/repository/org/seleniumhq/selenium/selenium-support/2.45.0/selenium-support-2.45.0.jar:/Users/nayyaan/.m2/repository/org/webbitserver/webbit/0.4.14/webbit-0.4.14.jar:/Users/nayyaan/.m2/repository/io/netty/netty/3.5.2.Final/netty-3.5.2.Final.jar:/Users/nayyaan/.m2/repository/org/seleniumhq/selenium/selenium-leg-rc/2.45.0/selenium-leg-rc-2.45.0.jar:"/>
    <property name="java.specification.name" value="Java Platform API Specification"/>
    <property name="java.class.version" value="52.0"/>
    <property name="sun.management.compiler" value="HotSpot 64-Bit Tiered Compilers"/>
    <property name="os.version" value="10.10.5"/>
    <property name="user.home" value="/Users/nayyaan"/>
    <property name="user.timezone" value="US/Pacific"/>
    <property name="java.awt.printerjob" value="sun.lwawt.macosx.CPrinterJob"/>
    <property name="java.specification.version" value="1.8"/>
    <property name="file.encoding" value="UTF-8"/>
    <property name="user.name" value="nayyaan"/>
    <property name="java.class.path" value="/Users/nayyaan/Documents/workspace/sampletest/target/test-classes:/Users/nayyaan/Documents/workspace/sampletest/target/classes:/Users/nayyaan/.m2/repository/org/testng/testng/6.3.1/testng-6.3.1.jar:/Users/nayyaan/.m2/repository/org/beanshell/bsh/2.0b4/bsh-2.0b4.jar:/Users/nayyaan/.m2/repository/com/beust/jcommander/1.12/jcommander-1.12.jar:/Users/nayyaan/.m2/repository/org/yaml/snakeyaml/1.6/snakeyaml-1.6.jar:/Users/nayyaan/.m2/repository/junit/junit/3.8.1/junit-3.8.1.jar:/Users/nayyaan/.m2/repository/org/seleniumhq/selenium/selenium-server/2.45.0/selenium-server-2.45.0.jar:/Users/nayyaan/.m2/repository/org/bouncycastle/bcprov-jdk15on/1.48/bcprov-jdk15on-1.48.jar:/Users/nayyaan/.m2/repository/org/bouncycastle/bcpkix-jdk15on/1.48/bcpkix-jdk15on-1.48.jar:/Users/nayyaan/.m2/repository/mx4j/mx4j-tools/3.0.1/mx4j-tools-3.0.1.jar:/Users/nayyaan/.m2/repository/org/mortbay/jetty/servlet-api-2.5/6.1.9/servlet-api-2.5-6.1.9.jar:/Users/nayyaan/.m2/repository/org/seleniumhq/selenium/jetty-repacked/7.6.1/jetty-repacked-7.6.1.jar:/Users/nayyaan/.m2/repository/org/seleniumhq/selenium/jetty-rc-repacked/5/jetty-rc-repacked-5.jar:/Users/nayyaan/.m2/repository/net/jcip/jcip-annotations/1.0/jcip-annotations-1.0.jar:/Users/nayyaan/.m2/repository/commons-codec/commons-codec/1.9/commons-codec-1.9.jar:/Users/nayyaan/.m2/repository/org/seleniumhq/selenium/selenium-java/2.45.0/selenium-java-2.45.0.jar:/Users/nayyaan/.m2/repository/org/seleniumhq/selenium/selenium-chrome-driver/2.45.0/selenium-chrome-driver-2.45.0.jar:/Users/nayyaan/.m2/repository/org/seleniumhq/selenium/selenium-remote-driver/2.45.0/selenium-remote-driver-2.45.0.jar:/Users/nayyaan/.m2/repository/cglib/cglib-nodep/2.1_3/cglib-nodep-2.1_3.jar:/Users/nayyaan/.m2/repository/com/google/code/gson/gson/2.3.1/gson-2.3.1.jar:/Users/nayyaan/.m2/repository/org/seleniumhq/selenium/selenium-api/2.45.0/selenium-api-2.45.0.jar:/Users/nayyaan/.m2/repository/com/google/guava/guava/18.0/guava-18.0.jar:/Users/nayyaan/.m2/repository/org/seleniumhq/selenium/selenium-htmlunit-driver/2.45.0/selenium-htmlunit-driver-2.45.0.jar:/Users/nayyaan/.m2/repository/net/sourceforge/htmlunit/htmlunit/2.15/htmlunit-2.15.jar:/Users/nayyaan/.m2/repository/xalan/xalan/2.7.1/xalan-2.7.1.jar:/Users/nayyaan/.m2/repository/xalan/serializer/2.7.1/serializer-2.7.1.jar:/Users/nayyaan/.m2/repository/commons-collections/commons-collections/3.2.1/commons-collections-3.2.1.jar:/Users/nayyaan/.m2/repository/org/apache/commons/commons-lang3/3.3.2/commons-lang3-3.3.2.jar:/Users/nayyaan/.m2/repository/org/apache/httpcomponents/httpmime/4.3.3/httpmime-4.3.3.jar:/Users/nayyaan/.m2/repository/net/sourceforge/htmlunit/htmlunit-core-js/2.15/htmlunit-core-js-2.15.jar:/Users/nayyaan/.m2/repository/xerces/xercesImpl/2.11.0/xercesImpl-2.11.0.jar:/Users/nayyaan/.m2/repository/xml-apis/xml-apis/1.4.01/xml-apis-1.4.01.jar:/Users/nayyaan/.m2/repository/net/sourceforge/nekohtml/nekohtml/1.9.21/nekohtml-1.9.21.jar:/Users/nayyaan/.m2/repository/net/sourceforge/cssparser/cssparser/0.9.14/cssparser-0.9.14.jar:/Users/nayyaan/.m2/repository/org/w3c/css/sac/1.3/sac-1.3.jar:/Users/nayyaan/.m2/repository/commons-logging/commons-logging/1.1.3/commons-logging-1.1.3.jar:/Users/nayyaan/.m2/repository/org/eclipse/jetty/jetty-websocket/8.1.15.v20140411/jetty-websocket-8.1.15.v20140411.jar:/Users/nayyaan/.m2/repository/org/eclipse/jetty/jetty-util/8.1.15.v20140411/jetty-util-8.1.15.v20140411.jar:/Users/nayyaan/.m2/repository/org/eclipse/jetty/jetty-io/8.1.15.v20140411/jetty-io-8.1.15.v20140411.jar:/Users/nayyaan/.m2/repository/org/eclipse/jetty/jetty-http/8.1.15.v20140411/jetty-http-8.1.15.v20140411.jar:/Users/nayyaan/.m2/repository/org/apache/httpcomponents/httpclient/4.3.6/httpclient-4.3.6.jar:/Users/nayyaan/.m2/repository/org/apache/httpcomponents/httpcore/4.3.3/httpcore-4.3.3.jar:/Users/nayyaan/.m2/repository/org/seleniumhq/selenium/selenium-firefox-driver/2.45.0/selenium-firefox-driver-2.45.0.jar:/Users/nayyaan/.m2/repository/commons-io/commons-io/2.4/commons-io-2.4.jar:/Users/nayyaan/.m2/repository/org/apache/commons/commons-exec/1.1/commons-exec-1.1.jar:/Users/nayyaan/.m2/repository/org/seleniumhq/selenium/selenium-ie-driver/2.45.0/selenium-ie-driver-2.45.0.jar:/Users/nayyaan/.m2/repository/net/java/dev/jna/jna/3.4.0/jna-3.4.0.jar:/Users/nayyaan/.m2/repository/net/java/dev/jna/platform/3.4.0/platform-3.4.0.jar:/Users/nayyaan/.m2/repository/org/seleniumhq/selenium/selenium-safari-driver/2.45.0/selenium-safari-driver-2.45.0.jar:/Users/nayyaan/.m2/repository/org/seleniumhq/selenium/selenium-support/2.45.0/selenium-support-2.45.0.jar:/Users/nayyaan/.m2/repository/org/webbitserver/webbit/0.4.14/webbit-0.4.14.jar:/Users/nayyaan/.m2/repository/io/netty/netty/3.5.2.Final/netty-3.5.2.Final.jar:/Users/nayyaan/.m2/repository/org/seleniumhq/selenium/selenium-leg-rc/2.45.0/selenium-leg-rc-2.45.0.jar:"/>
    <property name="java.vm.specification.version" value="1.8"/>
    <property name="sun.arch.data.model" value="64"/>
    <property name="java.home" value="/Library/Java/JavaVirtualMachines/jdk1.8.0_60.jdk/Contents/Home/jre"/>
    <property name="sun.java.command" value="/var/folders/1f/y3b_k9nj5h36xlxnmr7bx5fh5vrdd_/T/surefirebooter3346936078035319240.jar /var/folders/1f/y3b_k9nj5h36xlxnmr7bx5fh5vrdd_/T/surefire8518861217631216510tmp /var/folders/1f/y3b_k9nj5h36xlxnmr7bx5fh5vrdd_/T/surefire2975101266887159920tmp"/>
    <property name="java.specification.vendor" value="Oracle Corporation"/>
    <property name="user.language" value="en"/>
    <property name="awt.toolkit" value="sun.lwawt.macosx.LWCToolkit"/>
    <property name="java.vm.info" value="mixed mode"/>
    <property name="java.version" value="1.8.0_60"/>
    <property name="java.ext.dirs" value="/Users/nayyaan/Library/Java/Extensions:/Library/Java/JavaVirtualMachines/jdk1.8.0_60.jdk/Contents/Home/jre/lib/ext:/Library/Java/Extensions:/Network/Library/Java/Extensions:/System/Library/Java/Extensions:/usr/lib/java"/>
    <property name="sun.boot.class.path" value="/Library/Java/JavaVirtualMachines/jdk1.8.0_60.jdk/Contents/Home/jre/lib/resources.jar:/Library/Java/JavaVirtualMachines/jdk1.8.0_60.jdk/Contents/Home/jre/lib/rt.jar:/Library/Java/JavaVirtualMachines/jdk1.8.0_60.jdk/Contents/Home/jre/lib/sunrsasign.jar:/Library/Java/JavaVirtualMachines/jdk1.8.0_60.jdk/Contents/Home/jre/lib/jsse.jar:/Library/Java/JavaVirtualMachines/jdk1.8.0_60.jdk/Contents/Home/jre/lib/jce.jar:/Library/Java/JavaVirtualMachines/jdk1.8.0_60.jdk/Contents/Home/jre/lib/charsets.jar:/Library/Java/JavaVirtualMachines/jdk1.8.0_60.jdk/Contents/Home/jre/lib/jfr.jar:/Library/Java/JavaVirtualMachines/jdk1.8.0_60.jdk/Contents/Home/jre/classes"/>
    <property name="webdriver.chrome.driver" value="/Users/nayyaan/Chrome/chromedriver"/>
    <property name="java.vendor" value="Oracle Corporation"/>
    <property name="localRepository" value="/Users/nayyaan/.m2/repository"/>
    <property name="file.separator" value="/"/>
    <property name="java.vendor.url.bug" value="http://bugreport.sun.com/bugreport/"/>
    <property name="sun.cpu.endian" value="little"/>
    <property name="sun.io.unicode.encoding" value="UnicodeBig"/>
    <property name="sun.cpu.isalist" value=""/>
  </properties>
  <testcase classname="Test.A_2" name="testyahoo" time="3.674">
    <failure type="java.lang.NullPointerException">java.lang.NullPointerException
	at Test.chrome.closing(chrome.java:28)
	at Test.A_2.testyahoo(A_2.java:19)
</failure>
  </testcase>
</testsuite>