<?xml version="1.0" encoding="UTF-8"?>
<!-- Generated by org.testng.reporters.JUnitReportReporter -->
<testsuite hostname="TUSTX002MLVT01F" name="Test.chrome" tests="1" failures="0" timestamp="22 Oct 2015 19:57:46 GMT" time="0.699" errors="0">
  <testcase name="testTabs" time="0.699" classname="Test.chrome"/>
</testsuite> <!-- Test.chrome -->
